<?xml version="1.0" encoding="utf-8"?><testsuites name="pytest tests"><testsuite name="pytest" errors="0" failures="0" skipped="0" tests="10" time="8.221" timestamp="2026-03-18T17:53:12.704103+00:00" hostname="agent-env-ca5b5bfd-c9db-42ce-8496-467a57db5711"><testcase classname="backend.tests.test_emoji_translation_features.TestAuthentication" name="test_login_success" time="0.483" /><testcase classname="backend.tests.test_emoji_translation_features.TestAuthentication" name="test_login_invalid_credentials" time="0.393" /><testcase classname="backend.tests.test_emoji_translation_features.TestTranslationEndpoint" name="test_translate_bulgarian_to_english" time="2.573" /><testcase classname="backend.tests.test_emoji_translation_features.TestTranslationEndpoint" name="test_translate_english_to_bulgarian" time="1.438" /><testcase classname="backend.tests.test_emoji_translation_features.TestTranslationEndpoint" name="test_translate_auto_uses_user_preferred_language" time="1.645" /><testcase classname="backend.tests.test_emoji_translation_features.TestTranslationEndpoint" name="test_translate_without_auth_fails" time="0.166" /><testcase classname="backend.tests.test_emoji_translation_features.TestMessagesWithEmoji" name="test_messages_have_emoji_content" time="0.544" /><testcase classname="backend.tests.test_emoji_translation_features.TestMessagesWithEmoji" name="test_emoji_content_is_unicode" time="0.532" /><testcase classname="backend.tests.test_emoji_translation_features.TestLanguages" name="test_get_languages" time="0.127" /><testcase classname="backend.tests.test_emoji_translation_features.TestHealthEndpoint" name="test_health" time="0.136" /></testsuite></testsuites>