<?xml version="1.0" encoding="utf-8"?><testsuites name="pytest tests"><testsuite name="pytest" errors="0" failures="0" skipped="0" tests="9" time="43.458" timestamp="2026-03-18T16:09:42.139770+00:00" hostname="agent-env-ca5b5bfd-c9db-42ce-8496-467a57db5711"><testcase classname="backend.tests.test_emoji_translation_features.TestAuthentication" name="test_login_success" time="13.033" /><testcase classname="backend.tests.test_emoji_translation_features.TestAuthentication" name="test_login_invalid_credentials" time="1.772" /><testcase classname="backend.tests.test_emoji_translation_features.TestTranslationEndpoint" name="test_translate_bulgarian_to_english" time="20.304" /><testcase classname="backend.tests.test_emoji_translation_features.TestTranslationEndpoint" name="test_translate_english_to_bulgarian" time="3.334" /><testcase classname="backend.tests.test_emoji_translation_features.TestTranslationEndpoint" name="test_translate_without_auth_fails" time="0.191" /><testcase classname="backend.tests.test_emoji_translation_features.TestMessagesWithEmoji" name="test_messages_have_emoji_content" time="2.239" /><testcase classname="backend.tests.test_emoji_translation_features.TestMessagesWithEmoji" name="test_emoji_content_is_unicode" time="1.957" /><testcase classname="backend.tests.test_emoji_translation_features.TestLanguages" name="test_get_languages" time="0.222" /><testcase classname="backend.tests.test_emoji_translation_features.TestHealthEndpoint" name="test_health" time="0.211" /></testsuite></testsuites>