<?xml version="1.0" encoding="utf-8"?><testsuites name="pytest tests"><testsuite name="pytest" errors="0" failures="0" skipped="0" tests="9" time="8.093" timestamp="2026-03-18T22:52:28.286113+00:00" hostname="agent-env-ca5b5bfd-c9db-42ce-8496-467a57db5711"><testcase classname="backend.tests.test_mojichat_iteration7.TestMojiChatIteration7" name="test_login_returns_token" time="1.855" /><testcase classname="backend.tests.test_mojichat_iteration7.TestMojiChatIteration7" name="test_user_preferred_language_is_bulgarian" time="2.005" /><testcase classname="backend.tests.test_mojichat_iteration7.TestMojiChatIteration7" name="test_translate_english_to_bulgarian" time="0.951" /><testcase classname="backend.tests.test_mojichat_iteration7.TestMojiChatIteration7" name="test_translate_without_target_language_uses_user_preference" time="1.164" /><testcase classname="backend.tests.test_mojichat_iteration7.TestMojiChatIteration7" name="test_translate_requires_auth" time="0.212" /><testcase classname="backend.tests.test_mojichat_iteration7.TestMojiChatIteration7" name="test_languages_endpoint" time="0.191" /><testcase classname="backend.tests.test_mojichat_iteration7.TestMojiChatIteration7" name="test_health_endpoint" time="0.402" /><testcase classname="backend.tests.test_mojichat_iteration7.TestMojiChatIteration7" name="test_messages_have_emoji_content" time="0.242" /><testcase classname="backend.tests.test_mojichat_iteration7.TestMojiChatIteration7" name="test_translate_auto_target_language_issue" time="0.902" /></testsuite></testsuites>