<?xml version="1.0" encoding="utf-8"?><testsuites name="pytest tests"><testsuite name="pytest" errors="0" failures="0" skipped="0" tests="12" time="5.072" timestamp="2026-03-19T10:02:28.209131+00:00" hostname="agent-env-aa6d8c9c-7a74-4175-a655-f1da6ed91410"><testcase classname="tests.test_iteration10_apis.TestAuth" name="test_login_success" time="0.547" /><testcase classname="tests.test_iteration10_apis.TestFirebase" name="test_push_subscribe_firebase_enabled" time="0.479" /><testcase classname="tests.test_iteration10_apis.TestVoiceUpload" name="test_voice_upload_endpoint" time="0.471" /><testcase classname="tests.test_iteration10_apis.TestVoiceUpload" name="test_voice_upload_requires_audio_data" time="0.452" /><testcase classname="tests.test_iteration10_apis.TestVoiceUpload" name="test_voice_upload_requires_auth" time="0.524" /><testcase classname="tests.test_iteration10_apis.TestFileUpload" name="test_file_upload_endpoint" time="0.482" /><testcase classname="tests.test_iteration10_apis.TestFileUpload" name="test_file_upload_requires_auth" time="0.431" /><testcase classname="tests.test_iteration10_apis.TestGiphy" name="test_giphy_trending_returns_gifs" time="0.189" /><testcase classname="tests.test_iteration10_apis.TestGiphy" name="test_giphy_search_returns_gifs" time="0.223" /><testcase classname="tests.test_iteration10_apis.TestGiphy" name="test_giphy_search_empty_query" time="0.188" /><testcase classname="tests.test_iteration10_apis.TestConversationsAndMessages" name="test_get_conversations" time="0.469" /><testcase classname="tests.test_iteration10_apis.TestConversationsAndMessages" name="test_get_messages_in_conversation" time="0.552" /></testsuite></testsuites>