<?xml version="1.0" encoding="utf-8"?><testsuites name="pytest tests"><testsuite name="pytest" errors="0" failures="0" skipped="0" tests="13" time="7.829" timestamp="2026-03-19T08:44:23.504227+00:00" hostname="agent-env-aa6d8c9c-7a74-4175-a655-f1da6ed91410"><testcase classname="backend.tests.test_fcm_translation_iteration9.TestLoginAndAuth" name="test_login_with_credentials" time="0.517" /><testcase classname="backend.tests.test_fcm_translation_iteration9.TestTranslationAPI" name="test_translate_to_bulgarian" time="2.434" /><testcase classname="backend.tests.test_fcm_translation_iteration9.TestTranslationAPI" name="test_translate_to_german" time="1.161" /><testcase classname="backend.tests.test_fcm_translation_iteration9.TestTranslationAPI" name="test_translate_requires_auth" time="0.101" /><testcase classname="backend.tests.test_fcm_translation_iteration9.TestFCMEndpoints" name="test_subscribe_push_returns_firebase_enabled" time="0.496" /><testcase classname="backend.tests.test_fcm_translation_iteration9.TestFCMEndpoints" name="test_subscribe_fcm_endpoint" time="0.473" /><testcase classname="backend.tests.test_fcm_translation_iteration9.TestFCMEndpoints" name="test_subscribe_fcm_requires_token" time="0.445" /><testcase classname="backend.tests.test_fcm_translation_iteration9.TestFCMEndpoints" name="test_subscribe_fcm_requires_auth" time="0.092" /><testcase classname="backend.tests.test_fcm_translation_iteration9.TestLanguageEndpoints" name="test_get_supported_languages" time="0.100" /><testcase classname="backend.tests.test_fcm_translation_iteration9.TestLanguageEndpoints" name="test_update_user_language" time="0.540" /><testcase classname="backend.tests.test_fcm_translation_iteration9.TestLanguageEndpoints" name="test_get_user_preferred_language" time="0.438" /><testcase classname="backend.tests.test_fcm_translation_iteration9.TestConversationEndpoints" name="test_get_conversations" time="0.432" /><testcase classname="backend.tests.test_fcm_translation_iteration9.TestConversationEndpoints" name="test_get_messages" time="0.530" /></testsuite></testsuites>