<?xml version="1.0" encoding="utf-8"?><testsuites name="pytest tests"><testsuite name="pytest" errors="0" failures="0" skipped="0" tests="12" time="5.301" timestamp="2026-03-18T23:43:07.538617+00:00" hostname="agent-env-aa6d8c9c-7a74-4175-a655-f1da6ed91410"><testcase classname="backend.tests.test_language_selectors.TestAuthentication" name="test_login_success" time="0.539" /><testcase classname="backend.tests.test_language_selectors.TestTranslationLanguage" name="test_translate_to_bulgarian" time="2.185" /><testcase classname="backend.tests.test_language_selectors.TestTranslationLanguage" name="test_translate_to_german" time="0.574" /><testcase classname="backend.tests.test_language_selectors.TestTranslationLanguage" name="test_translate_to_english" time="0.548" /><testcase classname="backend.tests.test_language_selectors.TestTranslationLanguage" name="test_translate_requires_auth" time="0.156" /><testcase classname="backend.tests.test_language_selectors.TestUILanguage" name="test_get_supported_languages" time="0.133" /><testcase classname="backend.tests.test_language_selectors.TestUILanguage" name="test_update_user_language_to_german" time="0.153" /><testcase classname="backend.tests.test_language_selectors.TestUILanguage" name="test_update_user_language_to_bulgarian" time="0.115" /><testcase classname="backend.tests.test_language_selectors.TestUILanguage" name="test_user_language_persists" time="0.112" /><testcase classname="backend.tests.test_language_selectors.TestUILanguage" name="test_invalid_language_rejected" time="0.167" /><testcase classname="backend.tests.test_language_selectors.TestConversations" name="test_get_conversations" time="0.162" /><testcase classname="backend.tests.test_language_selectors.TestConversations" name="test_get_messages_from_yordan_chat" time="0.274" /></testsuite></testsuites>