<?xml version="1.0" encoding="utf-8"?><testsuites name="pytest tests"><testsuite name="pytest" errors="0" failures="0" skipped="0" tests="12" time="8.467" timestamp="2026-03-15T14:37:08.075814+00:00" hostname="agent-env-ca5b5bfd-c9db-42ce-8496-467a57db5711"><testcase classname="backend.tests.test_message_ordering.TestMessageOrdering" name="test_login_test_user_1" time="0.504" /><testcase classname="backend.tests.test_message_ordering.TestMessageOrdering" name="test_get_conversations_returns_list" time="0.396" /><testcase classname="backend.tests.test_message_ordering.TestMessageOrdering" name="test_messages_in_chronological_order" time="0.453" /><testcase classname="backend.tests.test_message_ordering.TestMessageOrdering" name="test_send_message_and_verify_order" time="4.799" /><testcase classname="backend.tests.test_message_ordering.TestAuthEndpoints" name="test_login_valid_credentials" time="0.353" /><testcase classname="backend.tests.test_message_ordering.TestAuthEndpoints" name="test_login_invalid_credentials" time="0.139" /><testcase classname="backend.tests.test_message_ordering.TestAuthEndpoints" name="test_register_duplicate_email" time="0.108" /><testcase classname="backend.tests.test_message_ordering.TestAuthEndpoints" name="test_get_me_authenticated" time="0.423" /><testcase classname="backend.tests.test_message_ordering.TestConversationEndpoints" name="test_get_conversations" time="0.398" /><testcase classname="backend.tests.test_message_ordering.TestConversationEndpoints" name="test_get_specific_conversation" time="0.438" /><testcase classname="backend.tests.test_message_ordering.TestHealthEndpoints" name="test_api_root" time="0.113" /><testcase classname="backend.tests.test_message_ordering.TestHealthEndpoints" name="test_health_endpoint" time="0.125" /></testsuite></testsuites>